<?xml version="1.0" encoding="UTF-8"?>
<!-- Generated by org.testng.reporters.JUnitReportReporter -->
<testsuite skipped="0" hostname="DESKTOP-JCJ8HOK" name="testcases.CommunicationManagement" tests="4" failures="0" timestamp="19 May 2023 03:34:51 GMT" time="0.037" errors="0">
  <testcase name="emailConfirmation" time="0.012" classname="testcases.CommunicationManagement"/>
  <testcase name="emailConfirmation" time="0.013" classname="testcases.CommunicationManagement"/>
  <testcase name="mobileConfirmation" time="0.003" classname="testcases.CommunicationManagement"/>
  <testcase name="mobileConfirmation" time="0.009" classname="testcases.CommunicationManagement"/>
</testsuite> <!-- testcases.CommunicationManagement -->
