<?xml version="1.0" encoding="UTF-8"?>
<!-- Generated by org.testng.reporters.JUnitReportReporter -->
<testsuite skipped="0" hostname="DESKTOP-JCJ8HOK" name="testcases.BookingManagement" tests="4" failures="0" timestamp="19 May 2023 03:34:51 GMT" time="0.051" errors="0">
  <testcase name="modifyBooking" time="0.003" classname="testcases.BookingManagement"/>
  <testcase name="createNewBooking" time="0.036" classname="testcases.BookingManagement"/>
  <testcase name="guestInfo" time="0.004" classname="testcases.BookingManagement"/>
  <testcase name="guestInfo" time="0.008" classname="testcases.BookingManagement"/>
</testsuite> <!-- testcases.BookingManagement -->
