<?xml version="1.0" encoding="UTF-8"?>
<!-- Generated by org.testng.reporters.JUnitReportReporter -->
<testsuite skipped="1" hostname="DESKTOP-JCJ8HOK" name="testng.TNG_002" tests="3" failures="0" timestamp="10 May 2023 03:30:31 GMT" time="0.021" errors="0">
  <testcase name="f" time="0.016" classname="testng.TNG_002"/>
  <testcase name="z" time="0.005" classname="testng.TNG_002"/>
  <testcase name="a" classname="testng.TNG_002">
    <skipped/>
  </testcase> <!-- a -->
</testsuite> <!-- testng.TNG_002 -->
