<?xml version="1.0" encoding="UTF-8"?>
<!-- Generated by org.testng.reporters.JUnitReportReporter -->
<testsuite skipped="0" hostname="DESKTOP-JCJ8HOK" name="exceloperations.DataManagementwithHashtable" tests="2" failures="0" timestamp="01 Jun 2023 03:05:27 GMT" time="0.019" errors="0">
  <testcase name="f" time="0.017" classname="exceloperations.DataManagementwithHashtable"/>
  <testcase name="f" time="0.002" classname="exceloperations.DataManagementwithHashtable"/>
</testsuite> <!-- exceloperations.DataManagementwithHashtable -->
