<?xml version="1.0" encoding="UTF-8"?>
<!-- Generated by org.testng.reporters.JUnitReportReporter -->
<testsuite skipped="0" hostname="DESKTOP-JCJ8HOK" name="testng.CheckBox1" tests="1" failures="0" timestamp="11 May 2023 03:22:58 GMT" time="8.089" errors="0">
  <testcase name="checkboxTest" time="8.089" classname="testng.CheckBox1"/>
</testsuite> <!-- testng.CheckBox1 -->
