<?xml version="1.0" encoding="UTF-8"?>
<!-- Generated by org.testng.reporters.JUnitReportReporter -->
<testsuite skipped="0" hostname="DESKTOP-JCJ8HOK" name="testng.TestMethodsParallel" tests="6" failures="0" timestamp="15 May 2023 03:29:42 GMT" time="0.146" errors="0">
  <testcase name="test2" time="0.028" classname="testng.TestMethodsParallel"/>
  <testcase name="test3" time="0.028" classname="testng.TestMethodsParallel"/>
  <testcase name="test5" time="0.027" classname="testng.TestMethodsParallel"/>
  <testcase name="test1" time="0.028" classname="testng.TestMethodsParallel"/>
  <testcase name="test4" time="0.028" classname="testng.TestMethodsParallel"/>
  <testcase name="test6" time="0.007" classname="testng.TestMethodsParallel"/>
</testsuite> <!-- testng.TestMethodsParallel -->
