<?xml version="1.0" encoding="UTF-8"?>
<!-- Generated by org.testng.reporters.JUnitReportReporter -->
<testsuite skipped="0" hostname="DESKTOP-JCJ8HOK" name="testng.RadioButton1" tests="1" failures="0" timestamp="11 May 2023 03:22:58 GMT" time="11.401" errors="0">
  <testcase name="radioButtonTest" time="11.401" classname="testng.RadioButton1"/>
</testsuite> <!-- testng.RadioButton1 -->
