<?xml version="1.0" encoding="UTF-8"?>
<!-- Generated by org.testng.reporters.JUnitReportReporter -->
<testsuite skipped="1" hostname="DESKTOP-JCJ8HOK" name="exceloperations.DataManagementFinalVersion" tests="2" failures="0" timestamp="01 Jun 2023 03:15:09 GMT" time="0.021" errors="0">
  <testcase name="f" time="0.017" classname="exceloperations.DataManagementFinalVersion"/>
  <testcase name="f" time="0.004" classname="exceloperations.DataManagementFinalVersion">
    <skipped/>
  </testcase> <!-- f -->
</testsuite> <!-- exceloperations.DataManagementFinalVersion -->
