<?xml version="1.0" encoding="UTF-8"?>
<!-- Generated by org.testng.reporters.JUnitReportReporter -->
<testsuite skipped="0" hostname="DESKTOP-JCJ8HOK" name="exceloperations.DataManagementwithDataprovider" tests="3" failures="0" timestamp="01 Jun 2023 02:54:32 GMT" time="0.029" errors="0">
  <testcase name="f" time="0.007" classname="exceloperations.DataManagementwithDataprovider"/>
  <testcase name="f" time="0.015" classname="exceloperations.DataManagementwithDataprovider"/>
  <testcase name="f" time="0.007" classname="exceloperations.DataManagementwithDataprovider"/>
</testsuite> <!-- exceloperations.DataManagementwithDataprovider -->
