<?xml version="1.0" encoding="UTF-8"?>
<!-- Generated by org.testng.reporters.JUnitReportReporter -->
<testsuite skipped="0" hostname="DESKTOP-JCJ8HOK" name="pom.POM_001" tests="1" failures="0" timestamp="06 Jun 2023 03:16:56 GMT" time="10.171" errors="0">
  <testcase name="f" time="10.171" classname="pom.POM_001"/>
</testsuite> <!-- pom.POM_001 -->
