<?xml version="1.0" encoding="UTF-8"?>
<!-- Generated by org.testng.reporters.JUnitReportReporter -->
<testsuite skipped="0" hostname="DESKTOP-JCJ8HOK" name="testng.LinksTesting1" tests="2" failures="0" timestamp="15 May 2023 03:02:46 GMT" time="44.559" errors="0">
  <testcase name="linktesting1" time="24.877" classname="testng.LinksTesting1"/>
  <testcase name="linktesting1" time="19.682" classname="testng.LinksTesting1"/>
</testsuite> <!-- testng.LinksTesting1 -->
