<?xml version="1.0" encoding="UTF-8"?>
<!-- Generated by org.testng.reporters.JUnitReportReporter -->
<testsuite skipped="0" hostname="DESKTOP-JCJ8HOK" name="suiteB.TestB1" tests="1" failures="0" timestamp="15 May 2023 03:20:55 GMT" time="3.013" errors="0">
  <testcase name="testB1" time="3.013" classname="suiteB.TestB1"/>
</testsuite> <!-- suiteB.TestB1 -->
