<?xml version="1.0" encoding="UTF-8"?>
<!-- Generated by org.testng.reporters.JUnitReportReporter -->
<testsuite skipped="0" hostname="DESKTOP-JCJ8HOK" name="exceloperations.NewTest" tests="1" failures="0" timestamp="01 Jun 2023 02:45:27 GMT" time="0.017" errors="0">
  <testcase name="f" time="0.017" classname="exceloperations.NewTest"/>
</testsuite> <!-- exceloperations.NewTest -->
