<?xml version="1.0" encoding="UTF-8"?>
<!-- Generated by org.testng.reporters.JUnitReportReporter -->
<testsuite skipped="0" hostname="DESKTOP-JCJ8HOK" name="testng.TNG_001" tests="1" failures="0" timestamp="10 May 2023 03:16:40 GMT" time="0.028" errors="0">
  <testcase name="f" time="0.028" classname="testng.TNG_001"/>
</testsuite> <!-- testng.TNG_001 -->
