<?xml version="1.0" encoding="UTF-8"?>
<!-- Generated by org.testng.reporters.JUnitReportReporter -->
<testsuite skipped="0" hostname="DESKTOP-JCJ8HOK" name="testng.TNG_003" tests="1" failures="0" timestamp="11 May 2023 03:22:58 GMT" time="13.843" errors="0">
  <testcase name="amazon" time="13.843" classname="testng.TNG_003"/>
</testsuite> <!-- testng.TNG_003 -->
