<?xml version="1.0" encoding="UTF-8"?>
<!-- Generated by org.testng.reporters.JUnitReportReporter -->
<testsuite skipped="0" hostname="DESKTOP-JCJ8HOK" name="suiteA.TestA2" tests="1" failures="0" timestamp="15 May 2023 03:20:55 GMT" time="3.003" errors="0">
  <testcase name="testA2" time="3.003" classname="suiteA.TestA2"/>
</testsuite> <!-- suiteA.TestA2 -->
